Starting job 10922518 on gpu-12-7 on saga at Tue Mar 12 15:20:55 CET 2024

/cluster/work/users/egilron/seq-label_github/configs/saga/03121434_elsa-polarity_norbert3-large_03_101.json
/cluster/shared/nlpl/software/eb/packages/nlpl-python-candy/01-foss-2022b-Python-3.10.8/lib/python3.10/site-packages/pydot.py:17: UserWarning: `pydot` could not import `dot_parser`, so `pydot` will be unable to parse DOT files. The error was:  No module named 'pyparsing'
  warnings.warn(
Using the `WANDB_DISABLED` environment variable is deprecated and will be removed in v5. Use the --report_to flag to control the integrations used for logging result (for instance --report_to none).
Numpy: 1.24.4
PyTorch: 2.1.2
Transformers: 4.38.2



***Loading config file: /cluster/work/users/egilron/seq-label_github/configs/saga/03121434_elsa-polarity_norbert3-large_03_101.json
03121434_elsa-polarity_norbert3-large_03_101.json seems to be completed. Exiting
/cluster/work/users/egilron/seq-label_github/configs/saga/03121434_elsa-polarity_nb-bert_base_11_202.json
/cluster/shared/nlpl/software/eb/packages/nlpl-python-candy/01-foss-2022b-Python-3.10.8/lib/python3.10/site-packages/pydot.py:17: UserWarning: `pydot` could not import `dot_parser`, so `pydot` will be unable to parse DOT files. The error was:  No module named 'pyparsing'
  warnings.warn(
Using the `WANDB_DISABLED` environment variable is deprecated and will be removed in v5. Use the --report_to flag to control the integrations used for logging result (for instance --report_to none).
Numpy: 1.24.4
PyTorch: 2.1.2
Transformers: 4.38.2



***Loading config file: /cluster/work/users/egilron/seq-label_github/configs/saga/03121434_elsa-polarity_nb-bert_base_11_202.json
Traceback (most recent call last):
  File "/cluster/work/users/egilron/seq-label_github/seq_label.py", line 72, in <module>
    dsd = load_from_disk(data_args.dataset_name)
  File "/cluster/work/users/egilron/venvs/transformers_a100/lib/python3.10/site-packages/datasets/load.py", line 2671, in load_from_disk
    raise FileNotFoundError(
FileNotFoundError: Directory data/elsa-dataset_seqlabel is neither a `Dataset` directory nor a `DatasetDict` directory.

Job 10922518 consumed 0.2 billing hours from project nn9851k.

Submitted 2024-03-12T15:20:48; waited 7.0 seconds in the queue after becoming eligible to run.

Requested wallclock time: 20.0 hours
Elapsed wallclock time:   1.8 minutes

Task and CPU statistics:
ID              CPUs  Tasks  CPU util                Start  Elapsed  Exit status
10922518           1            0.0 %  2024-03-12T15:20:55  106.0 s  1
10922518.batch     1      1    10.6 %  2024-03-12T15:20:55  106.0 s  1

Used CPU time:   11.2 CPU seconds
Unused CPU time: 1.6 CPU minutes

Memory statistics, in GiB:
ID               Alloc   Usage
10922518          24.0        
10922518.batch    24.0     0.3

GPU usage stats:
Job 10922518 completed at Tue Mar 12 15:22:42 CET 2024
