Starting job 408793 on gpu-7 at Mon Jan 15 09:39:34 CET 2024

Lmod has detected the following error: The following module(s) are unknown:
"PyTorch/1.11.0-foss-2021a-CUDA-11.3.1"

Please check the spelling or version number. Also try "module spider ..."
It is also possible your cache file is out-of-date; it may help to try:
  $ module --ignore_cache load "PyTorch/1.11.0-foss-2021a-CUDA-11.3.1"

Also make sure that all modulefiles written in TCL start with the string
#%Module




Task and CPU usage stats:
JobID           JobName  AllocCPUS   NTasks     MinCPU MinCPUTask     AveCPU    Elapsed ExitCode 
------------ ---------- ---------- -------- ---------- ---------- ---------- ---------- -------- 
408793       tsa_norbe+          1                                             00:00:01      1:0 
408793.batch      batch          1        1   00:00:00          0   00:00:00   00:00:01      1:0 
408793.exte+     extern          1        1   00:00:00          0   00:00:00   00:00:01      0:0 

Memory usage stats:
JobID            MaxRSS MaxRSSTask     AveRSS MaxPages   MaxPagesTask   AvePages 
------------ ---------- ---------- ---------- -------- -------------- ---------- 
408793                                                                           
408793.batch          0          0          0        0              0          0 
408793.exte+          0          0          0        0              0          0 

Disk usage stats:
JobID         MaxDiskRead MaxDiskReadTask    AveDiskRead MaxDiskWrite MaxDiskWriteTask   AveDiskWrite 
------------ ------------ --------------- -------------- ------------ ---------------- -------------- 
408793                                                                                                
408793.batch            0               0              0        0.00M                0          0.00M 
408793.exte+        0.01M               0          0.01M        0.00M                0          0.00M 

GPU usage stats:
Successfully retrieved statistics for job: 408793. 
+------------------------------------------------------------------------------+
| GPU ID: 3                                                                    |
+====================================+=========================================+
|-----  Execution Stats  ------------+-----------------------------------------|
| Start Time                         | Mon Jan 15 09:39:34 2024                |
| End Time                           | Mon Jan 15 09:39:35 2024                |
| Total Execution Time (sec)         | 0.86                                    |
| No. of Processes                   | 0                                       |
+-----  Performance Stats  ----------+-----------------------------------------+
| Energy Consumed (Joules)           | Not Specified                           |
| Power Usage (Watts)                | Avg: N/A, Max: N/A, Min: N/A            |
| Max GPU Memory Used (bytes)        | 0                                       |
| SM Clock (MHz)                     | Avg: 0, Max: 0, Min: 0                  |
| Memory Clock (MHz)                 | Avg: 0, Max: 0, Min: 0                  |
| SM Utilization (%)                 | Avg: 0, Max: 0, Min: 0                  |
| Memory Utilization (%)             | Avg: 0, Max: 0, Min: 0                  |
| PCIe Rx Bandwidth (megabytes)      | Avg: 0, Max: 0, Min: 0                  |
| PCIe Tx Bandwidth (megabytes)      | Avg: 0, Max: 0, Min: 0                  |
+-----  Event Stats  ----------------+-----------------------------------------+
| Single Bit ECC Errors              | 0                                       |
| Double Bit ECC Errors              | Not Specified                           |
| PCIe Replay Warnings               | 0                                       |
| Critical XID Errors                | 0                                       |
+-----  Slowdown Stats  -------------+-----------------------------------------+
| Due to - Power (%)                 | Not Supported                           |
|        - Thermal (%)               | Not Supported                           |
|        - Reliability (%)           | Not Supported                           |
|        - Board Limit (%)           | Not Supported                           |
|        - Low Utilization (%)       | Not Supported                           |
|        - Sync Boost (%)            | Not Specified                           |
+-----  Overall Health  -------------+-----------------------------------------+
| Overall Health                     | Healthy                                 |
+------------------------------------+-----------------------------------------+


Job 408793 completed at Mon Jan 15 09:39:35 CET 2024
