Lmod has detected the following error: The following module(s) are unknown:
"PyTorch/1.11.0-foss-2021a-CUDA-11.3.1"

Please check the spelling or version number. Also try "module spider ..."
It is also possible your cache file is out-of-date; it may help to try:
  $ module --ignore_cache load "PyTorch/1.11.0-foss-2021a-CUDA-11.3.1"

Also make sure that all modulefiles written in TCL start with the string
#%Module




Task and CPU usage stats:
JobID           JobName  AllocCPUS   NTasks     MinCPU MinCPUTask     AveCPU    Elapsed ExitCode 
------------ ---------- ---------- -------- ---------- ---------- ---------- ---------- -------- 
408792       tsa_norbe+          1                                             00:00:02      1:0 
408792.batch      batch          1        1   00:00:00          0   00:00:00   00:00:02      1:0 
408792.exte+     extern          1        1   00:00:00          0   00:00:00   00:00:02      0:0 

Memory usage stats:
JobID            MaxRSS MaxRSSTask     AveRSS MaxPages   MaxPagesTask   AvePages 
------------ ---------- ---------- ---------- -------- -------------- ---------- 
408792                                                                           
408792.batch          0          0          0        0              0          0 
408792.exte+          0          0          0        0              0          0 

Disk usage stats:
JobID         MaxDiskRead MaxDiskReadTask    AveDiskRead MaxDiskWrite MaxDiskWriteTask   AveDiskWrite 
------------ ------------ --------------- -------------- ------------ ---------------- -------------- 
408792                                                                                                
408792.batch            0               0              0        0.00M                0          0.00M 
408792.exte+        0.01M               0          0.01M        0.00M                0          0.00M 

GPU usage stats:
Error: Unable to retrieve job statistics. Return: No data is available.

Job 408792 completed at Mon Jan 15 09:39:05 CET 2024
