Starting job 428784 on gpu-7 at Mon Feb 12 15:33:47 CET 2024

/fp/homes01/u01/ec-egilron/sqlabel-github/configs/fox/
/fp/homes01/u01/ec-egilron/sqlabel-github/configs/fox/01191518_tsa-bin_NorBERT_3_base_16c.json
Python: 3.10.4 (main, Aug 30 2023, 20:05:23) [GCC 11.3.0]
Numpy: 1.22.3
PyTorch: 1.12.1
Transformers: 4.36.2



***Loading config file: /fp/homes01/u01/ec-egilron/sqlabel-github/configs/fox/01191518_tsa-bin_NorBERT_3_base_16c.json
01191518_tsa-bin_NorBERT_3_base Our label2id: {'O': 0, 'B-targ-Negative': 1, 'I-targ-Negative': 2, 'B-targ-Positive': 3, 'I-targ-Positive': 4}
Running tokenizer on train dataset:   0%|          | 0/8634 [00:00<?, ? examples/s]Asking to truncate to max_length but no maximum length is provided and the model has no predefined maximum length. Default to no truncation.
Running tokenizer on train dataset:  12%|█▏        | 1000/8634 [00:00<00:02, 3560.67 examples/s]Running tokenizer on train dataset:  23%|██▎       | 2000/8634 [00:00<00:01, 5148.36 examples/s]Running tokenizer on train dataset:  35%|███▍      | 3000/8634 [00:00<00:00, 5759.91 examples/s]Running tokenizer on train dataset:  46%|████▋     | 4000/8634 [00:00<00:00, 6201.07 examples/s]Running tokenizer on train dataset:  58%|█████▊    | 5000/8634 [00:00<00:00, 6496.74 examples/s]Running tokenizer on train dataset:  69%|██████▉   | 6000/8634 [00:00<00:00, 6757.45 examples/s]Running tokenizer on train dataset:  81%|████████  | 7000/8634 [00:01<00:00, 7025.90 examples/s]Running tokenizer on train dataset:  93%|█████████▎| 8000/8634 [00:01<00:00, 6163.41 examples/s]Running tokenizer on train dataset: 100%|██████████| 8634/8634 [00:01<00:00, 6002.31 examples/s]
Running tokenizer on validation dataset:   0%|          | 0/1531 [00:00<?, ? examples/s]Running tokenizer on validation dataset:  65%|██████▌   | 1000/1531 [00:00<00:00, 7348.94 examples/s]Running tokenizer on validation dataset: 100%|██████████| 1531/1531 [00:00<00:00, 6981.64 examples/s]
Running tokenizer on test dataset:   0%|          | 0/1272 [00:00<?, ? examples/s]Running tokenizer on test dataset:  79%|███████▊  | 1000/1272 [00:00<00:00, 7067.85 examples/s]Running tokenizer on test dataset: 100%|██████████| 1272/1272 [00:00<00:00, 6885.79 examples/s]
Tokenization completed

Model: ltg/norbert3-base Trust Remote code? True
01191518_tsa-bin_NorBERT_3_base 
Ready to train. Train dataset labels are now: ['idx', 'tokens', 'tsa_tags', 'input_ids', 'token_type_ids', 'attention_mask', 'labels'] 

Traceback (most recent call last):
  File "/fp/homes01/u01/ec-egilron/sqlabel-github/seq_label_2024.py", line 422, in <module>
    trainer = Trainer(
TypeError: Trainer.__init__() got an unexpected keyword argument 'trust_remote_code'

Task and CPU usage stats:
JobID           JobName  AllocCPUS   NTasks     MinCPU MinCPUTask     AveCPU    Elapsed ExitCode 
------------ ---------- ---------- -------- ---------- ---------- ---------- ---------- -------- 
428784       tsa_norbe+          1                                             00:00:53      1:0 
428784.batch      batch          1        1   00:00:09          0   00:00:09   00:00:53      1:0 
428784.exte+     extern          1        1   00:00:00          0   00:00:00   00:00:53      0:0 

Memory usage stats:
JobID            MaxRSS MaxRSSTask     AveRSS MaxPages   MaxPagesTask   AvePages 
------------ ---------- ---------- ---------- -------- -------------- ---------- 
428784                                                                           
428784.batch    191124K          0    191124K        0              0          0 
428784.exte+          0          0          0        0              0          0 

Disk usage stats:
JobID         MaxDiskRead MaxDiskReadTask    AveDiskRead MaxDiskWrite MaxDiskWriteTask   AveDiskWrite 
------------ ------------ --------------- -------------- ------------ ---------------- -------------- 
428784                                                                                                
428784.batch       41.42M               0         41.42M        3.20M                0          3.20M 
428784.exte+        0.01M               0          0.01M        0.00M                0          0.00M 

GPU usage stats:
Successfully retrieved statistics for job: 428784. 
+------------------------------------------------------------------------------+
| GPU ID: 3                                                                    |
+====================================+=========================================+
|-----  Execution Stats  ------------+-----------------------------------------|
| Start Time                         | Mon Feb 12 15:33:47 2024                |
| End Time                           | Mon Feb 12 15:34:40 2024                |
| Total Execution Time (sec)         | 52.85                                   |
| No. of Processes                   | 1                                       |
+-----  Performance Stats  ----------+-----------------------------------------+
| Energy Consumed (Joules)           | 4145                                    |
| Power Usage (Watts)                | Avg: 186.756, Max: 297.134, Min: 76.377 |
| Max GPU Memory Used (bytes)        | 15523119104                             |
| SM Clock (MHz)                     | Avg: 1402, Max: 1410, Min: 1395         |
| Memory Clock (MHz)                 | Avg: 1512, Max: 1512, Min: 1512         |
| SM Utilization (%)                 | Avg: 5, Max: 11, Min: 0                 |
| Memory Utilization (%)             | Avg: 68, Max: 68, Min: 68               |
| PCIe Rx Bandwidth (megabytes)      | Avg: N/A, Max: N/A, Min: N/A            |
| PCIe Tx Bandwidth (megabytes)      | Avg: N/A, Max: N/A, Min: N/A            |
+-----  Event Stats  ----------------+-----------------------------------------+
| Single Bit ECC Errors              | 0                                       |
| Double Bit ECC Errors              | 0                                       |
| PCIe Replay Warnings               | 0                                       |
| Critical XID Errors                | 0                                       |
+-----  Slowdown Stats  -------------+-----------------------------------------+
| Due to - Power (%)                 | 0                                       |
|        - Thermal (%)               | 0                                       |
|        - Reliability (%)           | Not Supported                           |
|        - Board Limit (%)           | Not Supported                           |
|        - Low Utilization (%)       | Not Supported                           |
|        - Sync Boost (%)            | 0                                       |
+--  Compute Process Utilization  ---+-----------------------------------------+
| PID                                | 2640709                                 |
|     Avg SM Utilization (%)         | 28                                      |
|     Avg Memory Utilization (%)     | 19                                      |
+-----  Overall Health  -------------+-----------------------------------------+
| Overall Health                     | Healthy                                 |
+------------------------------------+-----------------------------------------+


Job 428784 completed at Mon Feb 12 15:34:40 CET 2024
